0.17 0.69 0.01 0.0 0.0 0.12 0.01 
0.94 0.03 0.0 0.01 0.0 0.0 0.02 
0.04 0.16 0.02 0.01 0.0 0.03 0.74 
0.0 0.0 0.0 0.99 0.0 0.0 0.01 
0.03 0.05 0.09 0.0 0.0 0.04 0.79 
0.01 0.0 0.15 0.01 0.0 0.12 0.71 
0.02 0.08 0.08 0.06 0.0 0.06 0.7 
0.02 0.74 0.03 0.03 0.04 0.09 0.05 
0.93 0.02 0.01 0.01 0.0 0.03 0.0 
0.03 0.03 0.17 0.0 0.03 0.7 0.04 
0.01 0.0 0.01 0.86 0.0 0.04 0.08 
0.0 0.0 0.03 0.96 0.01 0.0 0.0 
0.02 0.74 0.04 0.01 0.0 0.1 0.09 
0.0 0.01 0.01 0.02 0.96 0.0 0.0 
0.0 0.0 0.0 0.0 1.0 0.0 0.0 
0.05 0.04 0.07 0.76 0.01 0.05 0.02 
0.0 0.0 0.0 0.96 0.0 0.01 0.03 
0.87 0.07 0.0 0.0 0.0 0.06 0.0 
0.0 0.01 0.81 0.01 0.01 0.06 0.1 
0.91 0.03 0.0 0.0 0.01 0.03 0.02 
0.0 0.76 0.0 0.01 0.0 0.12 0.11 
0.01 0.07 0.03 0.04 0.0 0.69 0.16 
0.0 0.07 0.05 0.0 0.02 0.85 0.01 
0.0 0.19 0.0 0.02 0.0 0.75 0.04 
0.01 0.07 0.02 0.01 0.01 0.86 0.02 
0.0 0.0 0.01 0.01 0.95 0.02 0.01 
0.0 0.0 0.0 0.97 0.0 0.01 0.02 
0.0 0.0 0.02 0.94 0.01 0.01 0.02 
0.07 0.82 0.03 0.0 0.0 0.04 0.04 
0.0 0.0 0.03 0.89 0.0 0.05 0.03 
0.0 0.02 0.76 0.01 0.01 0.18 0.02 
0.95 0.02 0.02 0.0 0.0 0.0 0.01 
0.0 0.0 0.68 0.05 0.0 0.09 0.18 
0.03 0.04 0.05 0.04 0.0 0.75 0.09 
0.05 0.7 0.01 0.01 0.01 0.18 0.04 
0.07 0.68 0.08 0.02 0.06 0.06 0.03 
0.06 0.78 0.01 0.0 0.0 0.04 0.11 
0.01 0.0 0.02 0.84 0.0 0.07 0.06 
0.0 0.02 0.03 0.06 0.0 0.1 0.79 
0.04 0.73 0.03 0.0 0.0 0.05 0.15 
0.95 0.01 0.0 0.01 0.01 0.02 0.0 
0.0 0.02 0.07 0.11 0.0 0.02 0.78 
0.03 0.01 0.02 0.0 0.86 0.03 0.05 
0.0 0.0 0.01 0.0 0.99 0.0 0.0 
0.05 0.82 0.01 0.01 0.01 0.05 0.05 
0.0 0.02 0.07 0.05 0.0 0.06 0.8 
0.73 0.16 0.01 0.0 0.02 0.04 0.04 
0.0 0.0 0.02 0.94 0.01 0.02 0.01 
0.94 0.03 0.01 0.0 0.0 0.01 0.01 
0.01 0.02 0.84 0.0 0.02 0.06 0.05 
0.01 0.0 0.0 0.0 0.99 0.0 0.0 
0.03 0.0 0.03 0.88 0.0 0.03 0.03 
0.89 0.05 0.01 0.0 0.01 0.04 0.0 
0.74 0.13 0.05 0.01 0.0 0.04 0.03 
0.89 0.07 0.01 0.0 0.0 0.01 0.02 
0.0 0.01 0.05 0.94 0.0 0.0 0.0 
0.03 0.1 0.07 0.0 0.0 0.04 0.76 
0.01 0.01 0.91 0.0 0.0 0.05 0.02 
0.03 0.9 0.02 0.0 0.0 0.04 0.01 
0.18 0.7 0.0 0.01 0.0 0.1 0.01 
0.03 0.04 0.09 0.0 0.01 0.16 0.67 
0.01 0.04 0.07 0.05 0.0 0.13 0.7 
0.0 0.01 0.01 0.02 0.91 0.01 0.04 
0.0 0.0 0.0 0.99 0.0 0.0 0.01 
0.0 0.01 0.03 0.04 0.01 0.82 0.09 
0.97 0.0 0.01 0.0 0.0 0.0 0.02 
0.05 0.04 0.71 0.0 0.02 0.14 0.04 
0.0 0.0 0.58 0.35 0.04 0.02 0.01 
0.06 0.09 0.03 0.0 0.02 0.73 0.07 
0.0 0.08 0.06 0.01 0.0 0.81 0.04 
0.0 0.0 0.04 0.95 0.01 0.0 0.0 
0.0 0.04 0.77 0.03 0.02 0.04 0.1 
0.01 0.04 0.05 0.02 0.0 0.06 0.82 
0.0 0.02 0.06 0.79 0.03 0.02 0.08 
0.82 0.12 0.0 0.0 0.0 0.03 0.03 
0.0 0.0 0.01 0.0 0.99 0.0 0.0 
0.17 0.73 0.05 0.01 0.02 0.01 0.01 
0.01 0.11 0.07 0.0 0.01 0.68 0.12 
0.0 0.01 0.7 0.02 0.01 0.2 0.06 
0.01 0.01 0.02 0.02 0.82 0.02 0.1 
0.01 0.1 0.0 0.0 0.0 0.88 0.01 
0.0 0.02 0.1 0.03 0.01 0.78 0.06 
0.91 0.04 0.01 0.0 0.0 0.02 0.02 
0.8 0.12 0.02 0.02 0.0 0.04 0.0 
0.01 0.02 0.05 0.86 0.05 0.0 0.01 
0.04 0.73 0.02 0.0 0.02 0.19 0.0 
0.0 0.0 0.02 0.96 0.0 0.02 0.0 
0.01 0.71 0.02 0.0 0.0 0.15 0.11 
0.01 0.83 0.03 0.0 0.0 0.06 0.07 
0.0 0.0 0.03 0.96 0.0 0.0 0.01 
0.81 0.06 0.03 0.0 0.0 0.09 0.01 
0.07 0.19 0.03 0.0 0.0 0.68 0.03 
0.02 0.02 0.02 0.0 0.0 0.9 0.04 
0.01 0.01 0.03 0.85 0.01 0.04 0.05 
0.05 0.02 0.06 0.05 0.0 0.67 0.15 
0.02 0.06 0.03 0.01 0.01 0.18 0.69 
0.0 0.02 0.84 0.0 0.0 0.08 0.06 
0.87 0.1 0.0 0.0 0.0 0.01 0.02 
0.18 0.75 0.01 0.0 0.03 0.03 0.0 
0.01 0.01 0.05 0.02 0.01 0.15 0.75 
0.06 0.78 0.01 0.0 0.05 0.09 0.01 
0.02 0.06 0.03 0.0 0.0 0.12 0.77 
0.01 0.01 0.87 0.04 0.0 0.03 0.04 
0.01 0.01 0.03 0.02 0.0 0.14 0.79 
0.02 0.03 0.02 0.01 0.0 0.85 0.07 
0.01 0.01 0.78 0.02 0.02 0.06 0.1 
0.09 0.71 0.01 0.01 0.03 0.11 0.04 
0.0 0.0 0.04 0.02 0.0 0.06 0.88 
0.02 0.05 0.74 0.01 0.01 0.13 0.04 
0.0 0.01 0.01 0.01 0.0 0.79 0.18 
0.02 0.05 0.01 0.01 0.0 0.85 0.06 
0.0 0.06 0.06 0.02 0.0 0.07 0.79 
0.0 0.0 0.03 0.85 0.03 0.03 0.06 
0.07 0.79 0.01 0.0 0.0 0.08 0.05 
0.87 0.11 0.0 0.0 0.01 0.0 0.01 
0.0 0.08 0.04 0.03 0.0 0.75 0.1 
0.09 0.15 0.05 0.0 0.03 0.04 0.64 
0.91 0.02 0.0 0.01 0.0 0.06 0.0 
0.01 0.0 0.01 0.92 0.03 0.0 0.03 
0.02 0.04 0.07 0.0 0.06 0.09 0.72 
0.0 0.0 0.04 0.89 0.02 0.01 0.04 
0.03 0.07 0.14 0.01 0.0 0.05 0.7 
0.0 0.02 0.01 0.0 0.93 0.03 0.01 
0.91 0.01 0.0 0.02 0.01 0.05 0.0 
0.02 0.0 0.01 0.04 0.92 0.01 0.0 
0.0 0.02 0.0 0.02 0.91 0.05 0.0 
0.18 0.12 0.03 0.0 0.0 0.65 0.02 
0.0 0.0 0.0 0.0 1.0 0.0 0.0 
0.01 0.0 0.05 0.88 0.03 0.01 0.02 
0.06 0.07 0.0 0.01 0.0 0.83 0.03 
0.01 0.01 0.89 0.04 0.0 0.02 0.03 
0.08 0.1 0.03 0.0 0.01 0.74 0.04 
0.0 0.0 0.01 0.03 0.94 0.02 0.0 
0.0 0.86 0.01 0.0 0.0 0.13 0.0 
0.75 0.13 0.04 0.0 0.01 0.06 0.01 
0.0 0.01 0.96 0.0 0.0 0.01 0.02 
0.07 0.11 0.03 0.01 0.01 0.05 0.72 
0.0 0.03 0.81 0.11 0.0 0.02 0.03 
0.05 0.08 0.03 0.01 0.02 0.75 0.06 
0.08 0.07 0.03 0.0 0.01 0.72 0.09 
0.89 0.09 0.0 0.0 0.01 0.0 0.01 
0.85 0.04 0.0 0.03 0.0 0.07 0.01 
0.04 0.03 0.13 0.0 0.0 0.77 0.03 
0.04 0.69 0.09 0.02 0.0 0.07 0.09 
0.0 0.03 0.56 0.16 0.02 0.19 0.04 
0.0 0.01 0.69 0.2 0.0 0.04 0.06 
0.01 0.03 0.05 0.01 0.0 0.16 0.74 
0.0 0.04 0.03 0.01 0.88 0.02 0.02 
0.02 0.88 0.04 0.0 0.0 0.02 0.04 
0.0 0.0 0.02 0.9 0.0 0.03 0.05 
0.18 0.69 0.01 0.0 0.01 0.05 0.06 
0.01 0.09 0.04 0.0 0.02 0.69 0.15 
0.0 0.05 0.87 0.0 0.0 0.02 0.06 
0.01 0.1 0.02 0.01 0.0 0.81 0.05 
0.0 0.01 0.04 0.9 0.0 0.02 0.03 
0.04 0.06 0.01 0.0 0.0 0.86 0.03 
0.0 0.04 0.03 0.01 0.0 0.84 0.08 
